2023-09-22 10:58:23,687 - DEBUG - This is a debug message
2023-09-22 10:58:23,688 - INFO - This is an info message
2023-09-22 10:58:23,689 - WARNING - This is a warning message
2023-09-22 10:58:23,689 - ERROR - This is an error message
2023-09-22 10:58:23,689 - CRITICAL - This is a critical message
2023-09-22 10:59:05,345 - DEBUG - This is a debug message
2023-09-22 10:59:05,346 - INFO - This is an info message
2023-09-22 10:59:05,346 - WARNING - This is a warning message
2023-09-22 10:59:05,347 - ERROR - This is an error message
2023-09-22 10:59:05,347 - CRITICAL - This is a critical message
2023-09-22 11:27:01,055 - DEBUG - This is a debug message
2023-09-22 11:27:01,056 - INFO - This is an info message
2023-09-22 11:27:01,056 - WARNING - This is a warning message
2023-09-22 11:27:01,057 - ERROR - This is an error message
2023-09-22 11:27:01,057 - CRITICAL - This is a critical message
2023-09-22 11:28:41,199 - DEBUG - This is a debug message
2023-09-22 11:28:41,199 - INFO - This is an info message
2023-09-22 11:28:41,200 - WARNING - This is a warning message
2023-09-22 11:28:41,200 - ERROR - This is an error message
2023-09-22 11:28:41,200 - CRITICAL - This is a critical message
2023-09-22 11:30:35,245 - DEBUG - This is a debug message
2023-09-22 11:30:35,245 - INFO - This is an info message
2023-09-22 11:30:35,245 - WARNING - This is a warning message
2023-09-22 11:30:35,246 - ERROR - This is an error message
2023-09-22 11:30:35,246 - CRITICAL - This is a critical message
2023-09-22 12:29:40,001 - DEBUG - This is a debug message
2023-09-22 12:29:40,002 - INFO - This is an info message
2023-09-22 12:29:40,002 - WARNING - This is a warning message
2023-09-22 12:29:40,002 - ERROR - This is an error message
2023-09-22 12:29:40,003 - CRITICAL - This is a critical message
2023-09-22 12:31:34,670 - DEBUG - This is a debug message
2023-09-22 12:31:34,671 - INFO - This is an info message
2023-09-22 12:31:34,671 - WARNING - This is a warning message
2023-09-22 12:31:34,672 - ERROR - This is an error message
2023-09-22 12:31:34,672 - CRITICAL - This is a critical message
2023-09-22 12:38:10,475 - DEBUG - This is a debug message
2023-09-22 12:38:10,476 - INFO - This is an info message
2023-09-22 12:38:10,476 - WARNING - This is a warning message
2023-09-22 12:38:10,476 - ERROR - This is an error message
2023-09-22 12:38:10,477 - CRITICAL - This is a critical message
2023-09-22 12:43:47,638 - DEBUG - This is a debug message
2023-09-22 12:43:47,639 - INFO - This is an info message
2023-09-22 12:43:47,639 - WARNING - This is a warning message
2023-09-22 12:43:47,640 - ERROR - This is an error message
2023-09-22 12:43:47,640 - CRITICAL - This is a critical message
2023-09-22 12:55:34,538 - DEBUG - This is a debug message
2023-09-22 12:55:34,539 - INFO - This is an info message
2023-09-22 12:55:34,539 - WARNING - This is a warning message
2023-09-22 12:55:34,540 - ERROR - This is an error message
2023-09-22 12:55:34,540 - CRITICAL - This is a critical message
2023-09-22 13:01:09,901 - DEBUG - This is a debug message
2023-09-22 13:01:09,902 - INFO - This is an info message
2023-09-22 13:01:09,902 - WARNING - This is a warning message
2023-09-22 13:01:09,903 - ERROR - This is an error message
2023-09-22 13:01:09,903 - CRITICAL - This is a critical message
2023-09-22 13:02:36,042 - DEBUG - This is a debug message
2023-09-22 13:02:36,044 - INFO - This is an info message
2023-09-22 13:02:36,045 - WARNING - This is a warning message
2023-09-22 13:02:36,045 - ERROR - This is an error message
2023-09-22 13:02:36,046 - CRITICAL - This is a critical message
2023-09-22 13:04:06,015 - DEBUG - This is a debug message
2023-09-22 13:04:06,015 - INFO - This is an info message
2023-09-22 13:04:06,016 - WARNING - This is a warning message
2023-09-22 13:04:06,016 - ERROR - This is an error message
2023-09-22 13:04:06,016 - CRITICAL - This is a critical message
2023-09-22 13:05:02,502 - DEBUG - This is a debug message
2023-09-22 13:05:02,502 - INFO - This is an info message
2023-09-22 13:05:02,502 - WARNING - This is a warning message
2023-09-22 13:05:02,503 - ERROR - This is an error message
2023-09-22 13:05:02,503 - CRITICAL - This is a critical message
2023-09-22 13:05:31,727 - DEBUG - This is a debug message
2023-09-22 13:05:31,728 - INFO - This is an info message
2023-09-22 13:05:31,728 - WARNING - This is a warning message
2023-09-22 13:05:31,728 - ERROR - This is an error message
2023-09-22 13:05:31,729 - CRITICAL - This is a critical message
2023-09-22 13:06:09,038 - DEBUG - This is a debug message
2023-09-22 13:06:09,039 - INFO - This is an info message
2023-09-22 13:06:09,039 - WARNING - This is a warning message
2023-09-22 13:06:09,040 - ERROR - This is an error message
2023-09-22 13:06:09,040 - CRITICAL - This is a critical message
2023-09-22 13:14:50,423 - DEBUG - This is a debug message
2023-09-22 13:14:50,424 - INFO - This is an info message
2023-09-22 13:14:50,424 - WARNING - This is a warning message
2023-09-22 13:14:50,425 - ERROR - This is an error message
2023-09-22 13:14:50,425 - CRITICAL - This is a critical message
2023-09-22 13:20:40,997 - DEBUG - This is a debug message
2023-09-22 13:20:40,998 - INFO - This is an info message
2023-09-22 13:20:40,998 - WARNING - This is a warning message
2023-09-22 13:20:40,998 - ERROR - This is an error message
2023-09-22 13:20:40,999 - CRITICAL - This is a critical message
2023-09-22 13:21:55,600 - DEBUG - This is a debug message
2023-09-22 13:21:55,601 - INFO - This is an info message
2023-09-22 13:21:55,601 - WARNING - This is a warning message
2023-09-22 13:21:55,602 - ERROR - This is an error message
2023-09-22 13:21:55,602 - CRITICAL - This is a critical message
2023-09-22 13:22:26,923 - DEBUG - This is a debug message
2023-09-22 13:22:26,924 - INFO - This is an info message
2023-09-22 13:22:26,924 - WARNING - This is a warning message
2023-09-22 13:22:26,924 - ERROR - This is an error message
2023-09-22 13:22:26,925 - CRITICAL - This is a critical message
2023-09-22 13:24:06,065 - DEBUG - This is a debug message
2023-09-22 13:24:06,066 - INFO - This is an info message
2023-09-22 13:24:06,066 - WARNING - This is a warning message
2023-09-22 13:24:06,066 - ERROR - This is an error message
2023-09-22 13:24:06,067 - CRITICAL - This is a critical message
2023-09-22 13:30:31,470 - DEBUG - This is a debug message
2023-09-22 13:30:31,470 - INFO - This is an info message
2023-09-22 13:30:31,471 - WARNING - This is a warning message
2023-09-22 13:30:31,471 - ERROR - This is an error message
2023-09-22 13:30:31,471 - CRITICAL - This is a critical message
2023-09-22 13:32:30,625 - DEBUG - This is a debug message
2023-09-22 13:32:30,625 - INFO - This is an info message
2023-09-22 13:32:30,626 - WARNING - This is a warning message
2023-09-22 13:32:30,626 - ERROR - This is an error message
2023-09-22 13:32:30,626 - CRITICAL - This is a critical message
2023-09-22 13:33:49,152 - DEBUG - This is a debug message
2023-09-22 13:33:49,153 - INFO - This is an info message
2023-09-22 13:33:49,153 - WARNING - This is a warning message
2023-09-22 13:33:49,153 - ERROR - This is an error message
2023-09-22 13:33:49,154 - CRITICAL - This is a critical message
2023-09-22 13:35:11,851 - DEBUG - This is a debug message
2023-09-22 13:35:11,852 - INFO - This is an info message
2023-09-22 13:35:11,852 - WARNING - This is a warning message
2023-09-22 13:35:11,852 - ERROR - This is an error message
2023-09-22 13:35:11,853 - CRITICAL - This is a critical message
2023-09-22 13:40:29,339 - DEBUG - This is a debug message
2023-09-22 13:40:29,339 - INFO - This is an info message
2023-09-22 13:40:29,340 - WARNING - This is a warning message
2023-09-22 13:40:29,340 - ERROR - This is an error message
2023-09-22 13:40:29,340 - CRITICAL - This is a critical message
2023-09-22 13:40:44,563 - DEBUG - This is a debug message
2023-09-22 13:40:44,563 - INFO - This is an info message
2023-09-22 13:40:44,564 - WARNING - This is a warning message
2023-09-22 13:40:44,564 - ERROR - This is an error message
2023-09-22 13:40:44,565 - CRITICAL - This is a critical message
2023-09-22 13:42:32,862 - DEBUG - This is a debug message
2023-09-22 13:42:32,863 - INFO - This is an info message
2023-09-22 13:42:32,863 - WARNING - This is a warning message
2023-09-22 13:42:32,863 - ERROR - This is an error message
2023-09-22 13:42:32,864 - CRITICAL - This is a critical message
2023-09-22 13:45:19,473 - DEBUG - This is a debug message
2023-09-22 13:45:19,474 - INFO - This is an info message
2023-09-22 13:45:19,474 - WARNING - This is a warning message
2023-09-22 13:45:19,475 - ERROR - This is an error message
2023-09-22 13:45:19,475 - CRITICAL - This is a critical message
2023-09-22 13:46:04,659 - DEBUG - This is a debug message
2023-09-22 13:46:04,659 - INFO - This is an info message
2023-09-22 13:46:04,660 - WARNING - This is a warning message
2023-09-22 13:46:04,660 - ERROR - This is an error message
2023-09-22 13:46:04,660 - CRITICAL - This is a critical message
